<?xml version="1.0" encoding="utf-8" standalone="no"?>
<test-results xmlns:xsi="http://www.w3.org/2001/XMLSchema-instance" xsi:noNamespaceSchemaLocation="nunit_schema_2.5.xsd" name="Pester" total="2" errors="0" failures="0" not-run="0" inconclusive="0" ignored="0" skipped="0" invalid="0" date="2019-07-31" time="21:37:50">
  <environment user="lenovo" machine-name="LENOVO-PC" cwd="C:\Git\Get-Modifieddate" user-domain="lenovo-PC" platform="Microsoft Windows 7 Ultimate |C:\Windows|\Device\Harddisk0\Partition2" nunit-version="2.5.8.0" os-version="6.1.7601" clr-version="4.0.30319.42000" />
  <culture-info current-culture="en-US" current-uiculture="en-US" />
  <test-suite type="TestFixture" name="Pester" executed="True" result="Success" success="True" time="0.1136" asserts="0" description="Pester">
    <results>
      <test-suite type="TestFixture" name="C:\Git\Get-Modifieddate\Tests\Get-Modifieddate.Tests.ps1" executed="True" result="Success" success="True" time="0.1136" asserts="0" description="C:\Git\Get-Modifieddate\Tests\Get-Modifieddate.Tests.ps1">
        <results>
          <test-suite type="TestFixture" name="Get-Modifieddate" executed="True" result="Success" success="True" time="0.1002" asserts="0" description="Get-Modifieddate">
            <results>
              <test-case description="does something useful" name="Get-Modifieddate.does something useful" time="0.0102" asserts="0" success="True" result="Success" executed="True" />
              <test-case description="Testing path" name="Get-Modifieddate.Testing path" time="0.0034" asserts="0" success="True" result="Success" executed="True" />
            </results>
          </test-suite>
        </results>
      </test-suite>
    </results>
  </test-suite>
</test-results>